<?xml version="1.0" encoding="UTF-8"?>
<!-- Generated by org.testng.reporters.JUnitReportReporter -->
<testsuite hostname="Ravin" failures="0" tests="1" name="runner.CucumberRunner" time="56.832" errors="0" timestamp="2022-07-29T20:19:31 IST" skipped="0">
  <testcase classname="runner.CucumberRunner" name="runScenario" time="56.832"/>
  <system-out/>
</testsuite> <!-- runner.CucumberRunner -->
